<?xml version="1.0" encoding="UTF-8"?>
<testsuite name="com.example.projecteucyonjavatribesb.controller.KingdomControllerAuthTest" tests="1" skipped="0" failures="0" errors="0" timestamp="2022-07-11T15:18:23" hostname="UNKNOWN2" time="1.152">
  <properties/>
  <testcase name="successfulAuthorization()" classname="com.example.projecteucyonjavatribesb.controller.KingdomControllerAuthTest" time="1.152"/>
  <system-out><![CDATA[17:18:21.233 [Test worker] DEBUG org.springframework.test.context.BootstrapUtils - Instantiating CacheAwareContextLoaderDelegate from class [org.springframework.test.context.cache.DefaultCacheAwareContextLoaderDelegate]
17:18:21.256 [Test worker] DEBUG org.springframework.test.context.BootstrapUtils - Instantiating BootstrapContext using constructor [public org.springframework.test.context.support.DefaultBootstrapContext(java.lang.Class,org.springframework.test.context.CacheAwareContextLoaderDelegate)]
17:18:21.328 [Test worker] DEBUG org.springframework.test.context.BootstrapUtils - Instantiating TestContextBootstrapper for test class [com.example.projecteucyonjavatribesb.controller.KingdomControllerAuthTest] from class [org.springframework.test.context.support.DefaultTestContextBootstrapper]
17:18:21.382 [Test worker] DEBUG org.springframework.test.context.support.AbstractDelegatingSmartContextLoader - Delegating to AnnotationConfigContextLoader to process context configuration [ContextConfigurationAttributes@740d2e78 declaringClass = 'com.example.projecteucyonjavatribesb.controller.KingdomControllerAuthTest', classes = '{class com.example.projecteucyonjavatribesb.controller.KingdomController}', locations = '{}', inheritLocations = true, initializers = '{}', inheritInitializers = true, name = [null], contextLoaderClass = 'org.springframework.test.context.ContextLoader'].
17:18:21.480 [Test worker] DEBUG org.springframework.test.context.support.ActiveProfilesUtils - Could not find an 'annotation declaring class' for annotation type [org.springframework.test.context.ActiveProfiles] and class [com.example.projecteucyonjavatribesb.controller.KingdomControllerAuthTest]
17:18:21.481 [Test worker] DEBUG org.springframework.test.context.support.DefaultTestContextBootstrapper - @TestExecutionListeners is not present for class [com.example.projecteucyonjavatribesb.controller.KingdomControllerAuthTest]: using defaults.
17:18:21.482 [Test worker] INFO org.springframework.test.context.support.DefaultTestContextBootstrapper - Loaded default TestExecutionListener class names from location [META-INF/spring.factories]: [org.springframework.security.test.context.support.WithSecurityContextTestExecutionListener, org.springframework.security.test.context.support.ReactorContextTestExecutionListener, org.springframework.boot.test.autoconfigure.restdocs.RestDocsTestExecutionListener, org.springframework.boot.test.autoconfigure.web.client.MockRestServiceServerResetTestExecutionListener, org.springframework.boot.test.autoconfigure.web.servlet.MockMvcPrintOnlyOnFailureTestExecutionListener, org.springframework.boot.test.autoconfigure.web.servlet.WebDriverTestExecutionListener, org.springframework.boot.test.autoconfigure.webservices.client.MockWebServiceServerTestExecutionListener, org.springframework.boot.test.mock.mockito.MockitoTestExecutionListener, org.springframework.boot.test.mock.mockito.ResetMocksTestExecutionListener, org.springframework.test.context.web.ServletTestExecutionListener, org.springframework.test.context.support.DirtiesContextBeforeModesTestExecutionListener, org.springframework.test.context.event.ApplicationEventsTestExecutionListener, org.springframework.test.context.support.DependencyInjectionTestExecutionListener, org.springframework.test.context.support.DirtiesContextTestExecutionListener, org.springframework.test.context.transaction.TransactionalTestExecutionListener, org.springframework.test.context.jdbc.SqlScriptsTestExecutionListener, org.springframework.test.context.event.EventPublishingTestExecutionListener]
17:18:21.519 [Test worker] INFO org.springframework.test.context.support.DefaultTestContextBootstrapper - Using TestExecutionListeners: [org.springframework.test.context.web.ServletTestExecutionListener@ebb6851, org.springframework.test.context.support.DirtiesContextBeforeModesTestExecutionListener@70ab2d48, org.springframework.test.context.event.ApplicationEventsTestExecutionListener@5b068087, org.springframework.boot.test.mock.mockito.MockitoTestExecutionListener@6f152006, org.springframework.test.context.support.DependencyInjectionTestExecutionListener@3a393455, org.springframework.test.context.support.DirtiesContextTestExecutionListener@13518f37, org.springframework.test.context.transaction.TransactionalTestExecutionListener@7cbc3762, org.springframework.test.context.jdbc.SqlScriptsTestExecutionListener@3a6f2de3, org.springframework.security.test.context.support.WithSecurityContextTestExecutionListener@49872d67, org.springframework.test.context.event.EventPublishingTestExecutionListener@56303b57, org.springframework.security.test.context.support.ReactorContextTestExecutionListener@4b2a01d4, org.springframework.boot.test.autoconfigure.restdocs.RestDocsTestExecutionListener@8692d67, org.springframework.boot.test.autoconfigure.web.client.MockRestServiceServerResetTestExecutionListener@78f5c518, org.springframework.boot.test.autoconfigure.web.servlet.MockMvcPrintOnlyOnFailureTestExecutionListener@2f48b3d2, org.springframework.boot.test.autoconfigure.web.servlet.WebDriverTestExecutionListener@34f7234e, org.springframework.boot.test.autoconfigure.webservices.client.MockWebServiceServerTestExecutionListener@753432a2, org.springframework.boot.test.mock.mockito.ResetMocksTestExecutionListener@23bff419]
17:18:21.523 [Test worker] DEBUG org.springframework.test.context.support.AbstractDirtiesContextTestExecutionListener - Before test class: context [DefaultTestContext@18bc345 testClass = KingdomControllerAuthTest, testInstance = [null], testMethod = [null], testException = [null], mergedContextConfiguration = [MergedContextConfiguration@42f8285e testClass = KingdomControllerAuthTest, locations = '{}', classes = '{class com.example.projecteucyonjavatribesb.controller.KingdomController}', contextInitializerClasses = '[]', activeProfiles = '{}', propertySourceLocations = '{}', propertySourceProperties = '{}', contextCustomizers = set[org.springframework.boot.test.autoconfigure.actuate.metrics.MetricsExportContextCustomizerFactory$DisableMetricExportContextCustomizer@e19bb76, org.springframework.boot.test.autoconfigure.properties.PropertyMappingContextCustomizer@0, org.springframework.boot.test.autoconfigure.web.servlet.WebDriverContextCustomizerFactory$Customizer@12ed9db6, org.springframework.boot.test.context.filter.ExcludeFilterContextCustomizer@45fd9a4d, org.springframework.boot.test.json.DuplicateJsonObjectContextCustomizerFactory$DuplicateJsonObjectContextCustomizer@126945f9, org.springframework.boot.test.mock.mockito.MockitoContextCustomizer@90ad1bf0], contextLoader = 'org.springframework.test.context.support.DelegatingSmartContextLoader', parent = [null]], attributes = map[[empty]]], class annotated with @DirtiesContext [false] with mode [null].
17:18:21.553 [Test worker] DEBUG org.springframework.test.context.support.AbstractDelegatingSmartContextLoader - Delegating to AnnotationConfigContextLoader to load context from [MergedContextConfiguration@42f8285e testClass = KingdomControllerAuthTest, locations = '{}', classes = '{class com.example.projecteucyonjavatribesb.controller.KingdomController}', contextInitializerClasses = '[]', activeProfiles = '{}', propertySourceLocations = '{}', propertySourceProperties = '{}', contextCustomizers = set[org.springframework.boot.test.autoconfigure.actuate.metrics.MetricsExportContextCustomizerFactory$DisableMetricExportContextCustomizer@e19bb76, org.springframework.boot.test.autoconfigure.properties.PropertyMappingContextCustomizer@0, org.springframework.boot.test.autoconfigure.web.servlet.WebDriverContextCustomizerFactory$Customizer@12ed9db6, org.springframework.boot.test.context.filter.ExcludeFilterContextCustomizer@45fd9a4d, org.springframework.boot.test.json.DuplicateJsonObjectContextCustomizerFactory$DuplicateJsonObjectContextCustomizer@126945f9, org.springframework.boot.test.mock.mockito.MockitoContextCustomizer@90ad1bf0], contextLoader = 'org.springframework.test.context.support.DelegatingSmartContextLoader', parent = [null]].
17:18:21.554 [Test worker] DEBUG org.springframework.test.context.support.AbstractGenericContextLoader - Loading ApplicationContext for merged context configuration [[MergedContextConfiguration@42f8285e testClass = KingdomControllerAuthTest, locations = '{}', classes = '{class com.example.projecteucyonjavatribesb.controller.KingdomController}', contextInitializerClasses = '[]', activeProfiles = '{}', propertySourceLocations = '{}', propertySourceProperties = '{}', contextCustomizers = set[org.springframework.boot.test.autoconfigure.actuate.metrics.MetricsExportContextCustomizerFactory$DisableMetricExportContextCustomizer@e19bb76, org.springframework.boot.test.autoconfigure.properties.PropertyMappingContextCustomizer@0, org.springframework.boot.test.autoconfigure.web.servlet.WebDriverContextCustomizerFactory$Customizer@12ed9db6, org.springframework.boot.test.context.filter.ExcludeFilterContextCustomizer@45fd9a4d, org.springframework.boot.test.json.DuplicateJsonObjectContextCustomizerFactory$DuplicateJsonObjectContextCustomizer@126945f9, org.springframework.boot.test.mock.mockito.MockitoContextCustomizer@90ad1bf0], contextLoader = 'org.springframework.test.context.support.DelegatingSmartContextLoader', parent = [null]]].
17:18:21.613 [Test worker] DEBUG org.springframework.core.env.StandardEnvironment - Activating profiles []
17:18:21.613 [Test worker] DEBUG org.springframework.test.context.support.AnnotationConfigContextLoader - Registering component classes: {class com.example.projecteucyonjavatribesb.controller.KingdomController}
17:18:21.720 [Test worker] DEBUG org.springframework.context.support.GenericApplicationContext - Refreshing org.springframework.context.support.GenericApplicationContext@2e9fda69
17:18:21.746 [Test worker] DEBUG org.springframework.beans.factory.support.DefaultListableBeanFactory - Creating shared instance of singleton bean 'org.springframework.context.annotation.internalConfigurationAnnotationProcessor'
17:18:21.861 [Test worker] DEBUG org.springframework.beans.factory.support.DefaultListableBeanFactory - Creating shared instance of singleton bean 'org.springframework.boot.test.mock.mockito.MockitoPostProcessor'
17:18:22.902 [Test worker] DEBUG org.springframework.beans.factory.support.DefaultListableBeanFactory - Creating shared instance of singleton bean 'org.springframework.context.event.internalEventListenerProcessor'
17:18:22.906 [Test worker] DEBUG org.springframework.beans.factory.support.DefaultListableBeanFactory - Creating shared instance of singleton bean 'org.springframework.context.event.internalEventListenerFactory'
17:18:22.909 [Test worker] DEBUG org.springframework.beans.factory.support.DefaultListableBeanFactory - Creating shared instance of singleton bean 'org.springframework.context.annotation.internalAutowiredAnnotationProcessor'
17:18:22.914 [Test worker] DEBUG org.springframework.beans.factory.support.DefaultListableBeanFactory - Creating shared instance of singleton bean 'org.springframework.context.annotation.internalCommonAnnotationProcessor'
17:18:22.925 [Test worker] DEBUG org.springframework.beans.factory.support.DefaultListableBeanFactory - Creating shared instance of singleton bean 'org.springframework.context.annotation.internalPersistenceAnnotationProcessor'
17:18:22.927 [Test worker] DEBUG org.springframework.beans.factory.support.DefaultListableBeanFactory - Creating shared instance of singleton bean 'org.springframework.boot.test.mock.mockito.MockitoPostProcessor$SpyPostProcessor'
17:18:22.955 [Test worker] DEBUG org.springframework.beans.factory.support.DefaultListableBeanFactory - Creating shared instance of singleton bean 'kingdomController'
17:18:22.962 [Test worker] DEBUG org.springframework.beans.factory.support.DefaultListableBeanFactory - Autowiring by type from bean name 'kingdomController' via constructor to bean named 'com.example.projecteucyonjavatribesb.service.PlayerAuthorizationService#0'
17:18:22.963 [Test worker] DEBUG org.springframework.beans.factory.support.DefaultListableBeanFactory - Autowiring by type from bean name 'kingdomController' via constructor to bean named 'com.example.projecteucyonjavatribesb.service.KingdomService#0'
17:18:22.963 [Test worker] DEBUG org.springframework.beans.factory.support.DefaultListableBeanFactory - Autowiring by type from bean name 'kingdomController' via constructor to bean named 'com.example.projecteucyonjavatribesb.service.BuildingsService#0'
17:18:22.963 [Test worker] DEBUG org.springframework.beans.factory.support.DefaultListableBeanFactory - Autowiring by type from bean name 'kingdomController' via constructor to bean named 'com.example.projecteucyonjavatribesb.service.ResourcesService#0'
17:18:23.026 [Test worker] DEBUG org.springframework.test.context.cache.DefaultCacheAwareContextLoaderDelegate - Storing ApplicationContext [782228073] in cache under key [[MergedContextConfiguration@42f8285e testClass = KingdomControllerAuthTest, locations = '{}', classes = '{class com.example.projecteucyonjavatribesb.controller.KingdomController}', contextInitializerClasses = '[]', activeProfiles = '{}', propertySourceLocations = '{}', propertySourceProperties = '{}', contextCustomizers = set[org.springframework.boot.test.autoconfigure.actuate.metrics.MetricsExportContextCustomizerFactory$DisableMetricExportContextCustomizer@e19bb76, org.springframework.boot.test.autoconfigure.properties.PropertyMappingContextCustomizer@0, org.springframework.boot.test.autoconfigure.web.servlet.WebDriverContextCustomizerFactory$Customizer@12ed9db6, org.springframework.boot.test.context.filter.ExcludeFilterContextCustomizer@45fd9a4d, org.springframework.boot.test.json.DuplicateJsonObjectContextCustomizerFactory$DuplicateJsonObjectContextCustomizer@126945f9, org.springframework.boot.test.mock.mockito.MockitoContextCustomizer@90ad1bf0], contextLoader = 'org.springframework.test.context.support.DelegatingSmartContextLoader', parent = [null]]]
17:18:23.027 [Test worker] DEBUG org.springframework.test.context.cache - Spring test ApplicationContext cache statistics: [DefaultContextCache@42c28305 size = 1, maxSize = 32, parentContextCount = 0, hitCount = 0, missCount = 1]
17:18:23.033 [Test worker] DEBUG org.springframework.test.context.support.DependencyInjectionTestExecutionListener - Performing dependency injection for test context [[DefaultTestContext@18bc345 testClass = KingdomControllerAuthTest, testInstance = com.example.projecteucyonjavatribesb.controller.KingdomControllerAuthTest@2eadc9f6, testMethod = [null], testException = [null], mergedContextConfiguration = [MergedContextConfiguration@42f8285e testClass = KingdomControllerAuthTest, locations = '{}', classes = '{class com.example.projecteucyonjavatribesb.controller.KingdomController}', contextInitializerClasses = '[]', activeProfiles = '{}', propertySourceLocations = '{}', propertySourceProperties = '{}', contextCustomizers = set[org.springframework.boot.test.autoconfigure.actuate.metrics.MetricsExportContextCustomizerFactory$DisableMetricExportContextCustomizer@e19bb76, org.springframework.boot.test.autoconfigure.properties.PropertyMappingContextCustomizer@0, org.springframework.boot.test.autoconfigure.web.servlet.WebDriverContextCustomizerFactory$Customizer@12ed9db6, org.springframework.boot.test.context.filter.ExcludeFilterContextCustomizer@45fd9a4d, org.springframework.boot.test.json.DuplicateJsonObjectContextCustomizerFactory$DuplicateJsonObjectContextCustomizer@126945f9, org.springframework.boot.test.mock.mockito.MockitoContextCustomizer@90ad1bf0], contextLoader = 'org.springframework.test.context.support.DelegatingSmartContextLoader', parent = [null]], attributes = map['org.springframework.test.context.event.ApplicationEventsTestExecutionListener.recordApplicationEvents' -> false]]].
17:18:23.034 [Test worker] DEBUG org.springframework.test.context.cache.DefaultCacheAwareContextLoaderDelegate - Retrieved ApplicationContext [782228073] from cache with key [[MergedContextConfiguration@42f8285e testClass = KingdomControllerAuthTest, locations = '{}', classes = '{class com.example.projecteucyonjavatribesb.controller.KingdomController}', contextInitializerClasses = '[]', activeProfiles = '{}', propertySourceLocations = '{}', propertySourceProperties = '{}', contextCustomizers = set[org.springframework.boot.test.autoconfigure.actuate.metrics.MetricsExportContextCustomizerFactory$DisableMetricExportContextCustomizer@e19bb76, org.springframework.boot.test.autoconfigure.properties.PropertyMappingContextCustomizer@0, org.springframework.boot.test.autoconfigure.web.servlet.WebDriverContextCustomizerFactory$Customizer@12ed9db6, org.springframework.boot.test.context.filter.ExcludeFilterContextCustomizer@45fd9a4d, org.springframework.boot.test.json.DuplicateJsonObjectContextCustomizerFactory$DuplicateJsonObjectContextCustomizer@126945f9, org.springframework.boot.test.mock.mockito.MockitoContextCustomizer@90ad1bf0], contextLoader = 'org.springframework.test.context.support.DelegatingSmartContextLoader', parent = [null]]]
17:18:23.034 [Test worker] DEBUG org.springframework.test.context.cache - Spring test ApplicationContext cache statistics: [DefaultContextCache@42c28305 size = 1, maxSize = 32, parentContextCount = 0, hitCount = 1, missCount = 1]
17:18:23.055 [Test worker] DEBUG org.springframework.test.context.cache.DefaultCacheAwareContextLoaderDelegate - Retrieved ApplicationContext [782228073] from cache with key [[MergedContextConfiguration@42f8285e testClass = KingdomControllerAuthTest, locations = '{}', classes = '{class com.example.projecteucyonjavatribesb.controller.KingdomController}', contextInitializerClasses = '[]', activeProfiles = '{}', propertySourceLocations = '{}', propertySourceProperties = '{}', contextCustomizers = set[org.springframework.boot.test.autoconfigure.actuate.metrics.MetricsExportContextCustomizerFactory$DisableMetricExportContextCustomizer@e19bb76, org.springframework.boot.test.autoconfigure.properties.PropertyMappingContextCustomizer@0, org.springframework.boot.test.autoconfigure.web.servlet.WebDriverContextCustomizerFactory$Customizer@12ed9db6, org.springframework.boot.test.context.filter.ExcludeFilterContextCustomizer@45fd9a4d, org.springframework.boot.test.json.DuplicateJsonObjectContextCustomizerFactory$DuplicateJsonObjectContextCustomizer@126945f9, org.springframework.boot.test.mock.mockito.MockitoContextCustomizer@90ad1bf0], contextLoader = 'org.springframework.test.context.support.DelegatingSmartContextLoader', parent = [null]]]
17:18:23.055 [Test worker] DEBUG org.springframework.test.context.cache - Spring test ApplicationContext cache statistics: [DefaultContextCache@42c28305 size = 1, maxSize = 32, parentContextCount = 0, hitCount = 2, missCount = 1]
17:18:23.072 [Test worker] DEBUG org.springframework.test.context.support.AbstractDirtiesContextTestExecutionListener - Before test method: context [DefaultTestContext@18bc345 testClass = KingdomControllerAuthTest, testInstance = com.example.projecteucyonjavatribesb.controller.KingdomControllerAuthTest@2eadc9f6, testMethod = successfulAuthorization@KingdomControllerAuthTest, testException = [null], mergedContextConfiguration = [MergedContextConfiguration@42f8285e testClass = KingdomControllerAuthTest, locations = '{}', classes = '{class com.example.projecteucyonjavatribesb.controller.KingdomController}', contextInitializerClasses = '[]', activeProfiles = '{}', propertySourceLocations = '{}', propertySourceProperties = '{}', contextCustomizers = set[org.springframework.boot.test.autoconfigure.actuate.metrics.MetricsExportContextCustomizerFactory$DisableMetricExportContextCustomizer@e19bb76, org.springframework.boot.test.autoconfigure.properties.PropertyMappingContextCustomizer@0, org.springframework.boot.test.autoconfigure.web.servlet.WebDriverContextCustomizerFactory$Customizer@12ed9db6, org.springframework.boot.test.context.filter.ExcludeFilterContextCustomizer@45fd9a4d, org.springframework.boot.test.json.DuplicateJsonObjectContextCustomizerFactory$DuplicateJsonObjectContextCustomizer@126945f9, org.springframework.boot.test.mock.mockito.MockitoContextCustomizer@90ad1bf0], contextLoader = 'org.springframework.test.context.support.DelegatingSmartContextLoader', parent = [null]], attributes = map['org.springframework.test.context.event.ApplicationEventsTestExecutionListener.recordApplicationEvents' -> false]], class annotated with @DirtiesContext [false] with mode [null], method annotated with @DirtiesContext [false] with mode [null].
17:18:23.089 [Test worker] DEBUG org.springframework.test.context.cache.DefaultCacheAwareContextLoaderDelegate - Retrieved ApplicationContext [782228073] from cache with key [[MergedContextConfiguration@42f8285e testClass = KingdomControllerAuthTest, locations = '{}', classes = '{class com.example.projecteucyonjavatribesb.controller.KingdomController}', contextInitializerClasses = '[]', activeProfiles = '{}', propertySourceLocations = '{}', propertySourceProperties = '{}', contextCustomizers = set[org.springframework.boot.test.autoconfigure.actuate.metrics.MetricsExportContextCustomizerFactory$DisableMetricExportContextCustomizer@e19bb76, org.springframework.boot.test.autoconfigure.properties.PropertyMappingContextCustomizer@0, org.springframework.boot.test.autoconfigure.web.servlet.WebDriverContextCustomizerFactory$Customizer@12ed9db6, org.springframework.boot.test.context.filter.ExcludeFilterContextCustomizer@45fd9a4d, org.springframework.boot.test.json.DuplicateJsonObjectContextCustomizerFactory$DuplicateJsonObjectContextCustomizer@126945f9, org.springframework.boot.test.mock.mockito.MockitoContextCustomizer@90ad1bf0], contextLoader = 'org.springframework.test.context.support.DelegatingSmartContextLoader', parent = [null]]]
17:18:23.090 [Test worker] DEBUG org.springframework.test.context.cache - Spring test ApplicationContext cache statistics: [DefaultContextCache@42c28305 size = 1, maxSize = 32, parentContextCount = 0, hitCount = 3, missCount = 1]
17:18:23.091 [Test worker] DEBUG org.springframework.test.context.cache.DefaultCacheAwareContextLoaderDelegate - Retrieved ApplicationContext [782228073] from cache with key [[MergedContextConfiguration@42f8285e testClass = KingdomControllerAuthTest, locations = '{}', classes = '{class com.example.projecteucyonjavatribesb.controller.KingdomController}', contextInitializerClasses = '[]', activeProfiles = '{}', propertySourceLocations = '{}', propertySourceProperties = '{}', contextCustomizers = set[org.springframework.boot.test.autoconfigure.actuate.metrics.MetricsExportContextCustomizerFactory$DisableMetricExportContextCustomizer@e19bb76, org.springframework.boot.test.autoconfigure.properties.PropertyMappingContextCustomizer@0, org.springframework.boot.test.autoconfigure.web.servlet.WebDriverContextCustomizerFactory$Customizer@12ed9db6, org.springframework.boot.test.context.filter.ExcludeFilterContextCustomizer@45fd9a4d, org.springframework.boot.test.json.DuplicateJsonObjectContextCustomizerFactory$DuplicateJsonObjectContextCustomizer@126945f9, org.springframework.boot.test.mock.mockito.MockitoContextCustomizer@90ad1bf0], contextLoader = 'org.springframework.test.context.support.DelegatingSmartContextLoader', parent = [null]]]
17:18:23.092 [Test worker] DEBUG org.springframework.test.context.cache - Spring test ApplicationContext cache statistics: [DefaultContextCache@42c28305 size = 1, maxSize = 32, parentContextCount = 0, hitCount = 4, missCount = 1]
17:18:23.099 [Test worker] DEBUG org.springframework.test.context.cache.DefaultCacheAwareContextLoaderDelegate - Retrieved ApplicationContext [782228073] from cache with key [[MergedContextConfiguration@42f8285e testClass = KingdomControllerAuthTest, locations = '{}', classes = '{class com.example.projecteucyonjavatribesb.controller.KingdomController}', contextInitializerClasses = '[]', activeProfiles = '{}', propertySourceLocations = '{}', propertySourceProperties = '{}', contextCustomizers = set[org.springframework.boot.test.autoconfigure.actuate.metrics.MetricsExportContextCustomizerFactory$DisableMetricExportContextCustomizer@e19bb76, org.springframework.boot.test.autoconfigure.properties.PropertyMappingContextCustomizer@0, org.springframework.boot.test.autoconfigure.web.servlet.WebDriverContextCustomizerFactory$Customizer@12ed9db6, org.springframework.boot.test.context.filter.ExcludeFilterContextCustomizer@45fd9a4d, org.springframework.boot.test.json.DuplicateJsonObjectContextCustomizerFactory$DuplicateJsonObjectContextCustomizer@126945f9, org.springframework.boot.test.mock.mockito.MockitoContextCustomizer@90ad1bf0], contextLoader = 'org.springframework.test.context.support.DelegatingSmartContextLoader', parent = [null]]]
17:18:23.100 [Test worker] DEBUG org.springframework.test.context.cache - Spring test ApplicationContext cache statistics: [DefaultContextCache@42c28305 size = 1, maxSize = 32, parentContextCount = 0, hitCount = 5, missCount = 1]
17:18:23.407 [Test worker] DEBUG _org.springframework.web.servlet.HandlerMapping.Mappings - 
	c.e.p.c.KingdomController:
	{GET [/api/kingdoms/{id}/buildings]}: getKingdomBuildings(Long)
	{POST [/api/auth]}: getKingdomDetailsFromToken(String)
	{GET [/api/kingdoms/{id}/resources]}: getKingdomsResources(Long,String)
	{GET [/api/kingdoms/{id}]}: getKingdomDetails(Long)
17:18:23.415 [Test worker] DEBUG org.springframework.web.servlet.mvc.method.annotation.RequestMappingHandlerMapping - 4 mappings in org.springframework.web.servlet.mvc.method.annotation.RequestMappingHandlerMapping
17:18:23.899 [Test worker] DEBUG org.springframework.web.servlet.mvc.method.annotation.RequestMappingHandlerAdapter - ControllerAdvice beans: 0 @ModelAttribute, 0 @InitBinder, 1 RequestBodyAdvice, 1 ResponseBodyAdvice
17:18:23.954 [Test worker] DEBUG org.springframework.web.servlet.mvc.method.annotation.ExceptionHandlerExceptionResolver - ControllerAdvice beans: 0 @ExceptionHandler, 1 ResponseBodyAdvice
17:18:23.982 [Test worker] INFO org.springframework.mock.web.MockServletContext - Initializing Spring TestDispatcherServlet ''
17:18:23.982 [Test worker] INFO org.springframework.test.web.servlet.TestDispatcherServlet - Initializing Servlet ''
17:18:23.987 [Test worker] DEBUG org.springframework.test.web.servlet.TestDispatcherServlet - Detected AcceptHeaderLocaleResolver
17:18:23.987 [Test worker] DEBUG org.springframework.test.web.servlet.TestDispatcherServlet - Detected FixedThemeResolver
17:18:23.987 [Test worker] DEBUG org.springframework.test.web.servlet.TestDispatcherServlet - Detected org.springframework.web.servlet.view.DefaultRequestToViewNameTranslator@2b6a0ea9
17:18:23.988 [Test worker] DEBUG org.springframework.test.web.servlet.TestDispatcherServlet - Detected org.springframework.web.servlet.support.SessionFlashMapManager@4dde8976
17:18:23.988 [Test worker] DEBUG org.springframework.test.web.servlet.TestDispatcherServlet - enableLoggingRequestDetails='false': request parameters and headers will be masked to prevent unsafe logging of potentially sensitive data
17:18:23.988 [Test worker] INFO org.springframework.test.web.servlet.TestDispatcherServlet - Completed initialization in 5 ms
17:18:24.018 [Test worker] DEBUG org.springframework.test.web.servlet.TestDispatcherServlet - POST "/api/auth", parameters={}
17:18:24.023 [Test worker] DEBUG org.springframework.web.servlet.mvc.method.annotation.RequestMappingHandlerMapping - Mapped to com.example.projecteucyonjavatribesb.controller.KingdomController#getKingdomDetailsFromToken(String)
17:18:24.144 [Test worker] DEBUG org.springframework.web.servlet.mvc.method.annotation.HttpEntityMethodProcessor - Using 'application/json', given [*/*] and supported [application/json, application/*+json]
17:18:24.146 [Test worker] DEBUG org.springframework.web.servlet.mvc.method.annotation.HttpEntityMethodProcessor - Writing [com.example.projecteucyonjavatribesb.model.DTO.KingdomPreviewDTO@7ccfdaef]
17:18:24.168 [Test worker] DEBUG org.springframework.test.web.servlet.TestDispatcherServlet - Completed 200 OK
17:18:24.182 [Test worker] DEBUG org.springframework.test.context.cache.DefaultCacheAwareContextLoaderDelegate - Retrieved ApplicationContext [782228073] from cache with key [[MergedContextConfiguration@42f8285e testClass = KingdomControllerAuthTest, locations = '{}', classes = '{class com.example.projecteucyonjavatribesb.controller.KingdomController}', contextInitializerClasses = '[]', activeProfiles = '{}', propertySourceLocations = '{}', propertySourceProperties = '{}', contextCustomizers = set[org.springframework.boot.test.autoconfigure.actuate.metrics.MetricsExportContextCustomizerFactory$DisableMetricExportContextCustomizer@e19bb76, org.springframework.boot.test.autoconfigure.properties.PropertyMappingContextCustomizer@0, org.springframework.boot.test.autoconfigure.web.servlet.WebDriverContextCustomizerFactory$Customizer@12ed9db6, org.springframework.boot.test.context.filter.ExcludeFilterContextCustomizer@45fd9a4d, org.springframework.boot.test.json.DuplicateJsonObjectContextCustomizerFactory$DuplicateJsonObjectContextCustomizer@126945f9, org.springframework.boot.test.mock.mockito.MockitoContextCustomizer@90ad1bf0], contextLoader = 'org.springframework.test.context.support.DelegatingSmartContextLoader', parent = [null]]]
17:18:24.185 [Test worker] DEBUG org.springframework.test.context.cache - Spring test ApplicationContext cache statistics: [DefaultContextCache@42c28305 size = 1, maxSize = 32, parentContextCount = 0, hitCount = 6, missCount = 1]
17:18:24.188 [Test worker] DEBUG org.springframework.test.context.cache.DefaultCacheAwareContextLoaderDelegate - Retrieved ApplicationContext [782228073] from cache with key [[MergedContextConfiguration@42f8285e testClass = KingdomControllerAuthTest, locations = '{}', classes = '{class com.example.projecteucyonjavatribesb.controller.KingdomController}', contextInitializerClasses = '[]', activeProfiles = '{}', propertySourceLocations = '{}', propertySourceProperties = '{}', contextCustomizers = set[org.springframework.boot.test.autoconfigure.actuate.metrics.MetricsExportContextCustomizerFactory$DisableMetricExportContextCustomizer@e19bb76, org.springframework.boot.test.autoconfigure.properties.PropertyMappingContextCustomizer@0, org.springframework.boot.test.autoconfigure.web.servlet.WebDriverContextCustomizerFactory$Customizer@12ed9db6, org.springframework.boot.test.context.filter.ExcludeFilterContextCustomizer@45fd9a4d, org.springframework.boot.test.json.DuplicateJsonObjectContextCustomizerFactory$DuplicateJsonObjectContextCustomizer@126945f9, org.springframework.boot.test.mock.mockito.MockitoContextCustomizer@90ad1bf0], contextLoader = 'org.springframework.test.context.support.DelegatingSmartContextLoader', parent = [null]]]
17:18:24.189 [Test worker] DEBUG org.springframework.test.context.cache - Spring test ApplicationContext cache statistics: [DefaultContextCache@42c28305 size = 1, maxSize = 32, parentContextCount = 0, hitCount = 7, missCount = 1]
17:18:24.191 [Test worker] DEBUG org.springframework.test.context.cache.DefaultCacheAwareContextLoaderDelegate - Retrieved ApplicationContext [782228073] from cache with key [[MergedContextConfiguration@42f8285e testClass = KingdomControllerAuthTest, locations = '{}', classes = '{class com.example.projecteucyonjavatribesb.controller.KingdomController}', contextInitializerClasses = '[]', activeProfiles = '{}', propertySourceLocations = '{}', propertySourceProperties = '{}', contextCustomizers = set[org.springframework.boot.test.autoconfigure.actuate.metrics.MetricsExportContextCustomizerFactory$DisableMetricExportContextCustomizer@e19bb76, org.springframework.boot.test.autoconfigure.properties.PropertyMappingContextCustomizer@0, org.springframework.boot.test.autoconfigure.web.servlet.WebDriverContextCustomizerFactory$Customizer@12ed9db6, org.springframework.boot.test.context.filter.ExcludeFilterContextCustomizer@45fd9a4d, org.springframework.boot.test.json.DuplicateJsonObjectContextCustomizerFactory$DuplicateJsonObjectContextCustomizer@126945f9, org.springframework.boot.test.mock.mockito.MockitoContextCustomizer@90ad1bf0], contextLoader = 'org.springframework.test.context.support.DelegatingSmartContextLoader', parent = [null]]]
17:18:24.191 [Test worker] DEBUG org.springframework.test.context.cache - Spring test ApplicationContext cache statistics: [DefaultContextCache@42c28305 size = 1, maxSize = 32, parentContextCount = 0, hitCount = 8, missCount = 1]
17:18:24.192 [Test worker] DEBUG org.springframework.test.context.cache.DefaultCacheAwareContextLoaderDelegate - Retrieved ApplicationContext [782228073] from cache with key [[MergedContextConfiguration@42f8285e testClass = KingdomControllerAuthTest, locations = '{}', classes = '{class com.example.projecteucyonjavatribesb.controller.KingdomController}', contextInitializerClasses = '[]', activeProfiles = '{}', propertySourceLocations = '{}', propertySourceProperties = '{}', contextCustomizers = set[org.springframework.boot.test.autoconfigure.actuate.metrics.MetricsExportContextCustomizerFactory$DisableMetricExportContextCustomizer@e19bb76, org.springframework.boot.test.autoconfigure.properties.PropertyMappingContextCustomizer@0, org.springframework.boot.test.autoconfigure.web.servlet.WebDriverContextCustomizerFactory$Customizer@12ed9db6, org.springframework.boot.test.context.filter.ExcludeFilterContextCustomizer@45fd9a4d, org.springframework.boot.test.json.DuplicateJsonObjectContextCustomizerFactory$DuplicateJsonObjectContextCustomizer@126945f9, org.springframework.boot.test.mock.mockito.MockitoContextCustomizer@90ad1bf0], contextLoader = 'org.springframework.test.context.support.DelegatingSmartContextLoader', parent = [null]]]
17:18:24.192 [Test worker] DEBUG org.springframework.test.context.cache - Spring test ApplicationContext cache statistics: [DefaultContextCache@42c28305 size = 1, maxSize = 32, parentContextCount = 0, hitCount = 9, missCount = 1]
17:18:24.195 [Test worker] DEBUG org.springframework.test.context.cache.DefaultCacheAwareContextLoaderDelegate - Retrieved ApplicationContext [782228073] from cache with key [[MergedContextConfiguration@42f8285e testClass = KingdomControllerAuthTest, locations = '{}', classes = '{class com.example.projecteucyonjavatribesb.controller.KingdomController}', contextInitializerClasses = '[]', activeProfiles = '{}', propertySourceLocations = '{}', propertySourceProperties = '{}', contextCustomizers = set[org.springframework.boot.test.autoconfigure.actuate.metrics.MetricsExportContextCustomizerFactory$DisableMetricExportContextCustomizer@e19bb76, org.springframework.boot.test.autoconfigure.properties.PropertyMappingContextCustomizer@0, org.springframework.boot.test.autoconfigure.web.servlet.WebDriverContextCustomizerFactory$Customizer@12ed9db6, org.springframework.boot.test.context.filter.ExcludeFilterContextCustomizer@45fd9a4d, org.springframework.boot.test.json.DuplicateJsonObjectContextCustomizerFactory$DuplicateJsonObjectContextCustomizer@126945f9, org.springframework.boot.test.mock.mockito.MockitoContextCustomizer@90ad1bf0], contextLoader = 'org.springframework.test.context.support.DelegatingSmartContextLoader', parent = [null]]]
17:18:24.195 [Test worker] DEBUG org.springframework.test.context.cache - Spring test ApplicationContext cache statistics: [DefaultContextCache@42c28305 size = 1, maxSize = 32, parentContextCount = 0, hitCount = 10, missCount = 1]
17:18:24.200 [Test worker] DEBUG org.springframework.test.context.cache.DefaultCacheAwareContextLoaderDelegate - Retrieved ApplicationContext [782228073] from cache with key [[MergedContextConfiguration@42f8285e testClass = KingdomControllerAuthTest, locations = '{}', classes = '{class com.example.projecteucyonjavatribesb.controller.KingdomController}', contextInitializerClasses = '[]', activeProfiles = '{}', propertySourceLocations = '{}', propertySourceProperties = '{}', contextCustomizers = set[org.springframework.boot.test.autoconfigure.actuate.metrics.MetricsExportContextCustomizerFactory$DisableMetricExportContextCustomizer@e19bb76, org.springframework.boot.test.autoconfigure.properties.PropertyMappingContextCustomizer@0, org.springframework.boot.test.autoconfigure.web.servlet.WebDriverContextCustomizerFactory$Customizer@12ed9db6, org.springframework.boot.test.context.filter.ExcludeFilterContextCustomizer@45fd9a4d, org.springframework.boot.test.json.DuplicateJsonObjectContextCustomizerFactory$DuplicateJsonObjectContextCustomizer@126945f9, org.springframework.boot.test.mock.mockito.MockitoContextCustomizer@90ad1bf0], contextLoader = 'org.springframework.test.context.support.DelegatingSmartContextLoader', parent = [null]]]
17:18:24.200 [Test worker] DEBUG org.springframework.test.context.cache - Spring test ApplicationContext cache statistics: [DefaultContextCache@42c28305 size = 1, maxSize = 32, parentContextCount = 0, hitCount = 11, missCount = 1]
17:18:24.207 [Test worker] DEBUG org.springframework.test.context.support.AbstractDirtiesContextTestExecutionListener - After test method: context [DefaultTestContext@18bc345 testClass = KingdomControllerAuthTest, testInstance = com.example.projecteucyonjavatribesb.controller.KingdomControllerAuthTest@2eadc9f6, testMethod = successfulAuthorization@KingdomControllerAuthTest, testException = [null], mergedContextConfiguration = [MergedContextConfiguration@42f8285e testClass = KingdomControllerAuthTest, locations = '{}', classes = '{class com.example.projecteucyonjavatribesb.controller.KingdomController}', contextInitializerClasses = '[]', activeProfiles = '{}', propertySourceLocations = '{}', propertySourceProperties = '{}', contextCustomizers = set[org.springframework.boot.test.autoconfigure.actuate.metrics.MetricsExportContextCustomizerFactory$DisableMetricExportContextCustomizer@e19bb76, org.springframework.boot.test.autoconfigure.properties.PropertyMappingContextCustomizer@0, org.springframework.boot.test.autoconfigure.web.servlet.WebDriverContextCustomizerFactory$Customizer@12ed9db6, org.springframework.boot.test.context.filter.ExcludeFilterContextCustomizer@45fd9a4d, org.springframework.boot.test.json.DuplicateJsonObjectContextCustomizerFactory$DuplicateJsonObjectContextCustomizer@126945f9, org.springframework.boot.test.mock.mockito.MockitoContextCustomizer@90ad1bf0], contextLoader = 'org.springframework.test.context.support.DelegatingSmartContextLoader', parent = [null]], attributes = map['org.springframework.test.context.event.ApplicationEventsTestExecutionListener.recordApplicationEvents' -> false]], class annotated with @DirtiesContext [false] with mode [null], method annotated with @DirtiesContext [false] with mode [null].
17:18:24.221 [Test worker] DEBUG org.springframework.test.context.cache.DefaultCacheAwareContextLoaderDelegate - Retrieved ApplicationContext [782228073] from cache with key [[MergedContextConfiguration@42f8285e testClass = KingdomControllerAuthTest, locations = '{}', classes = '{class com.example.projecteucyonjavatribesb.controller.KingdomController}', contextInitializerClasses = '[]', activeProfiles = '{}', propertySourceLocations = '{}', propertySourceProperties = '{}', contextCustomizers = set[org.springframework.boot.test.autoconfigure.actuate.metrics.MetricsExportContextCustomizerFactory$DisableMetricExportContextCustomizer@e19bb76, org.springframework.boot.test.autoconfigure.properties.PropertyMappingContextCustomizer@0, org.springframework.boot.test.autoconfigure.web.servlet.WebDriverContextCustomizerFactory$Customizer@12ed9db6, org.springframework.boot.test.context.filter.ExcludeFilterContextCustomizer@45fd9a4d, org.springframework.boot.test.json.DuplicateJsonObjectContextCustomizerFactory$DuplicateJsonObjectContextCustomizer@126945f9, org.springframework.boot.test.mock.mockito.MockitoContextCustomizer@90ad1bf0], contextLoader = 'org.springframework.test.context.support.DelegatingSmartContextLoader', parent = [null]]]
17:18:24.221 [Test worker] DEBUG org.springframework.test.context.cache - Spring test ApplicationContext cache statistics: [DefaultContextCache@42c28305 size = 1, maxSize = 32, parentContextCount = 0, hitCount = 12, missCount = 1]
17:18:24.223 [Test worker] DEBUG org.springframework.test.context.support.AbstractDirtiesContextTestExecutionListener - After test class: context [DefaultTestContext@18bc345 testClass = KingdomControllerAuthTest, testInstance = [null], testMethod = [null], testException = [null], mergedContextConfiguration = [MergedContextConfiguration@42f8285e testClass = KingdomControllerAuthTest, locations = '{}', classes = '{class com.example.projecteucyonjavatribesb.controller.KingdomController}', contextInitializerClasses = '[]', activeProfiles = '{}', propertySourceLocations = '{}', propertySourceProperties = '{}', contextCustomizers = set[org.springframework.boot.test.autoconfigure.actuate.metrics.MetricsExportContextCustomizerFactory$DisableMetricExportContextCustomizer@e19bb76, org.springframework.boot.test.autoconfigure.properties.PropertyMappingContextCustomizer@0, org.springframework.boot.test.autoconfigure.web.servlet.WebDriverContextCustomizerFactory$Customizer@12ed9db6, org.springframework.boot.test.context.filter.ExcludeFilterContextCustomizer@45fd9a4d, org.springframework.boot.test.json.DuplicateJsonObjectContextCustomizerFactory$DuplicateJsonObjectContextCustomizer@126945f9, org.springframework.boot.test.mock.mockito.MockitoContextCustomizer@90ad1bf0], contextLoader = 'org.springframework.test.context.support.DelegatingSmartContextLoader', parent = [null]], attributes = map['org.springframework.test.context.event.ApplicationEventsTestExecutionListener.recordApplicationEvents' -> false]], class annotated with @DirtiesContext [false] with mode [null].
]]></system-out>
  <system-err><![CDATA[]]></system-err>
</testsuite>
