<?xml version="1.0" encoding="UTF-8"?>
<testsuite name="com.example.projecteucyonjavatribesb.LoginIntegrationTests" tests="2" skipped="0" failures="0" errors="0" timestamp="2022-06-29T08:01:15" hostname="MAJKL_PC" time="0.499">
  <properties/>
  <testcase name="login_FAIL_401()" classname="com.example.projecteucyonjavatribesb.LoginIntegrationTests" time="0.424"/>
  <testcase name="login_OK()" classname="com.example.projecteucyonjavatribesb.LoginIntegrationTests" time="0.074"/>
  <system-out><![CDATA[10:01:08.614 [Test worker] DEBUG org.springframework.test.context.BootstrapUtils - Instantiating CacheAwareContextLoaderDelegate from class [org.springframework.test.context.cache.DefaultCacheAwareContextLoaderDelegate]
10:01:08.624 [Test worker] DEBUG org.springframework.test.context.BootstrapUtils - Instantiating BootstrapContext using constructor [public org.springframework.test.context.support.DefaultBootstrapContext(java.lang.Class,org.springframework.test.context.CacheAwareContextLoaderDelegate)]
10:01:08.658 [Test worker] DEBUG org.springframework.test.context.BootstrapUtils - Instantiating TestContextBootstrapper for test class [com.example.projecteucyonjavatribesb.LoginIntegrationTests] from class [org.springframework.boot.test.context.SpringBootTestContextBootstrapper]
10:01:08.672 [Test worker] INFO org.springframework.boot.test.context.SpringBootTestContextBootstrapper - Neither @ContextConfiguration nor @ContextHierarchy found for test class [com.example.projecteucyonjavatribesb.LoginIntegrationTests], using SpringBootContextLoader
10:01:08.675 [Test worker] DEBUG org.springframework.test.context.support.AbstractContextLoader - Did not detect default resource location for test class [com.example.projecteucyonjavatribesb.LoginIntegrationTests]: class path resource [com/example/projecteucyonjavatribesb/LoginIntegrationTests-context.xml] does not exist
10:01:08.676 [Test worker] DEBUG org.springframework.test.context.support.AbstractContextLoader - Did not detect default resource location for test class [com.example.projecteucyonjavatribesb.LoginIntegrationTests]: class path resource [com/example/projecteucyonjavatribesb/LoginIntegrationTestsContext.groovy] does not exist
10:01:08.676 [Test worker] INFO org.springframework.test.context.support.AbstractContextLoader - Could not detect default resource locations for test class [com.example.projecteucyonjavatribesb.LoginIntegrationTests]: no resource found for suffixes {-context.xml, Context.groovy}.
10:01:08.676 [Test worker] INFO org.springframework.test.context.support.AnnotationConfigContextLoaderUtils - Could not detect default configuration classes for test class [com.example.projecteucyonjavatribesb.LoginIntegrationTests]: LoginIntegrationTests does not declare any static, non-private, non-final, nested classes annotated with @Configuration.
10:01:08.730 [Test worker] DEBUG org.springframework.test.context.support.ActiveProfilesUtils - Could not find an 'annotation declaring class' for annotation type [org.springframework.test.context.ActiveProfiles] and class [com.example.projecteucyonjavatribesb.LoginIntegrationTests]
10:01:08.786 [Test worker] DEBUG org.springframework.context.annotation.ClassPathScanningCandidateComponentProvider - Identified candidate component class: file [C:\Users\janos\greenfox\Project-EUCYON-Java-Tribes-B\build\classes\java\main\com\example\projecteucyonjavatribesb\ProjectEucyonJavaTribesBApplication.class]
10:01:08.787 [Test worker] INFO org.springframework.boot.test.context.SpringBootTestContextBootstrapper - Found @SpringBootConfiguration com.example.projecteucyonjavatribesb.ProjectEucyonJavaTribesBApplication for test class com.example.projecteucyonjavatribesb.LoginIntegrationTests
10:01:08.875 [Test worker] DEBUG org.springframework.boot.test.context.SpringBootTestContextBootstrapper - @TestExecutionListeners is not present for class [com.example.projecteucyonjavatribesb.LoginIntegrationTests]: using defaults.
10:01:08.875 [Test worker] INFO org.springframework.boot.test.context.SpringBootTestContextBootstrapper - Loaded default TestExecutionListener class names from location [META-INF/spring.factories]: [org.springframework.security.test.context.support.WithSecurityContextTestExecutionListener, org.springframework.security.test.context.support.ReactorContextTestExecutionListener, org.springframework.boot.test.autoconfigure.restdocs.RestDocsTestExecutionListener, org.springframework.boot.test.autoconfigure.web.client.MockRestServiceServerResetTestExecutionListener, org.springframework.boot.test.autoconfigure.web.servlet.MockMvcPrintOnlyOnFailureTestExecutionListener, org.springframework.boot.test.autoconfigure.web.servlet.WebDriverTestExecutionListener, org.springframework.boot.test.autoconfigure.webservices.client.MockWebServiceServerTestExecutionListener, org.springframework.boot.test.mock.mockito.MockitoTestExecutionListener, org.springframework.boot.test.mock.mockito.ResetMocksTestExecutionListener, org.springframework.test.context.web.ServletTestExecutionListener, org.springframework.test.context.support.DirtiesContextBeforeModesTestExecutionListener, org.springframework.test.context.event.ApplicationEventsTestExecutionListener, org.springframework.test.context.support.DependencyInjectionTestExecutionListener, org.springframework.test.context.support.DirtiesContextTestExecutionListener, org.springframework.test.context.transaction.TransactionalTestExecutionListener, org.springframework.test.context.jdbc.SqlScriptsTestExecutionListener, org.springframework.test.context.event.EventPublishingTestExecutionListener]
10:01:08.892 [Test worker] INFO org.springframework.boot.test.context.SpringBootTestContextBootstrapper - Using TestExecutionListeners: [org.springframework.test.context.web.ServletTestExecutionListener@66629f63, org.springframework.test.context.support.DirtiesContextBeforeModesTestExecutionListener@841e575, org.springframework.test.context.event.ApplicationEventsTestExecutionListener@27a5328c, org.springframework.boot.test.mock.mockito.MockitoTestExecutionListener@1e5f4170, org.springframework.boot.test.autoconfigure.SpringBootDependencyInjectionTestExecutionListener@6c345c5f, org.springframework.test.context.support.DirtiesContextTestExecutionListener@6b5966e1, org.springframework.test.context.transaction.TransactionalTestExecutionListener@65e61854, org.springframework.test.context.jdbc.SqlScriptsTestExecutionListener@1568159, org.springframework.security.test.context.support.WithSecurityContextTestExecutionListener@4fcee388, org.springframework.test.context.event.EventPublishingTestExecutionListener@6f80fafe, org.springframework.security.test.context.support.ReactorContextTestExecutionListener@3af17be2, org.springframework.boot.test.autoconfigure.restdocs.RestDocsTestExecutionListener@f9879ac, org.springframework.boot.test.autoconfigure.web.client.MockRestServiceServerResetTestExecutionListener@37f21974, org.springframework.boot.test.autoconfigure.web.servlet.MockMvcPrintOnlyOnFailureTestExecutionListener@5f4d427e, org.springframework.boot.test.autoconfigure.web.servlet.WebDriverTestExecutionListener@6e521c1e, org.springframework.boot.test.autoconfigure.webservices.client.MockWebServiceServerTestExecutionListener@224b4d61, org.springframework.boot.test.mock.mockito.ResetMocksTestExecutionListener@5d5d9e5]
10:01:08.897 [Test worker] DEBUG org.springframework.test.context.support.AbstractDirtiesContextTestExecutionListener - Before test class: context [DefaultTestContext@3954d008 testClass = LoginIntegrationTests, testInstance = [null], testMethod = [null], testException = [null], mergedContextConfiguration = [WebMergedContextConfiguration@2f94c4db testClass = LoginIntegrationTests, locations = '{}', classes = '{class com.example.projecteucyonjavatribesb.ProjectEucyonJavaTribesBApplication}', contextInitializerClasses = '[]', activeProfiles = '{}', propertySourceLocations = '{}', propertySourceProperties = '{org.springframework.boot.test.context.SpringBootTestContextBootstrapper=true}', contextCustomizers = set[org.springframework.boot.test.autoconfigure.actuate.metrics.MetricsExportContextCustomizerFactory$DisableMetricExportContextCustomizer@176b3f44, org.springframework.boot.test.autoconfigure.properties.PropertyMappingContextCustomizer@4b3fa0b3, org.springframework.boot.test.autoconfigure.web.servlet.WebDriverContextCustomizerFactory$Customizer@77258e59, [ImportsContextCustomizer@593e824f key = [org.springframework.boot.test.autoconfigure.web.servlet.MockMvcAutoConfiguration, org.springframework.boot.test.autoconfigure.web.servlet.MockMvcWebClientAutoConfiguration, org.springframework.boot.test.autoconfigure.web.servlet.MockMvcWebDriverAutoConfiguration, org.springframework.boot.autoconfigure.security.oauth2.client.servlet.OAuth2ClientAutoConfiguration, org.springframework.boot.autoconfigure.security.oauth2.resource.servlet.OAuth2ResourceServerAutoConfiguration, org.springframework.boot.autoconfigure.security.servlet.SecurityAutoConfiguration, org.springframework.boot.autoconfigure.security.servlet.SecurityFilterAutoConfiguration, org.springframework.boot.autoconfigure.security.servlet.UserDetailsServiceAutoConfiguration, org.springframework.boot.test.autoconfigure.web.servlet.MockMvcSecurityConfiguration, org.springframework.boot.test.autoconfigure.web.reactive.WebTestClientAutoConfiguration]], org.springframework.boot.test.context.filter.ExcludeFilterContextCustomizer@46268f08, org.springframework.boot.test.json.DuplicateJsonObjectContextCustomizerFactory$DuplicateJsonObjectContextCustomizer@623e088f, org.springframework.boot.test.mock.mockito.MockitoContextCustomizer@0, org.springframework.boot.test.web.client.TestRestTemplateContextCustomizer@2d96543c, org.springframework.boot.test.context.SpringBootTestArgs@1, org.springframework.boot.test.context.SpringBootTestWebEnvironment@618425b5], resourceBasePath = 'src/main/webapp', contextLoader = 'org.springframework.boot.test.context.SpringBootContextLoader', parent = [null]], attributes = map['org.springframework.test.context.web.ServletTestExecutionListener.activateListener' -> true]], class annotated with @DirtiesContext [false] with mode [null].

  .   ____          _            __ _ _
 /\\ / ___'_ __ _ _(_)_ __  __ _ \ \ \ \
( ( )\___ | '_ | '_| | '_ \/ _` | \ \ \ \
 \\/  ___)| |_)| | | | | || (_| |  ) ) ) )
  '  |____| .__|_| |_|_| |_\__, | / / / /
 =========|_|==============|___/=/_/_/_/
 :: Spring Boot ::                (v2.7.0)

2022-06-29 10:01:09.222  INFO 24264 --- [    Test worker] c.e.p.LoginIntegrationTests              : Starting LoginIntegrationTests using Java 17.0.3 on MAJKL_PC with PID 24264 (started by janos in C:\Users\janos\greenfox\Project-EUCYON-Java-Tribes-B)
2022-06-29 10:01:09.223  INFO 24264 --- [    Test worker] c.e.p.LoginIntegrationTests              : No active profile set, falling back to 1 default profile: "default"
2022-06-29 10:01:09.923  INFO 24264 --- [    Test worker] .s.d.r.c.RepositoryConfigurationDelegate : Bootstrapping Spring Data JPA repositories in DEFAULT mode.
2022-06-29 10:01:09.994  INFO 24264 --- [    Test worker] .s.d.r.c.RepositoryConfigurationDelegate : Finished Spring Data repository scanning in 59 ms. Found 2 JPA repository interfaces.
2022-06-29 10:01:10.652  INFO 24264 --- [    Test worker] o.hibernate.jpa.internal.util.LogHelper  : HHH000204: Processing PersistenceUnitInfo [name: default]
2022-06-29 10:01:10.718  INFO 24264 --- [    Test worker] org.hibernate.Version                    : HHH000412: Hibernate ORM core version 5.6.9.Final
2022-06-29 10:01:10.912  INFO 24264 --- [    Test worker] o.hibernate.annotations.common.Version   : HCANN000001: Hibernate Commons Annotations {5.1.2.Final}
2022-06-29 10:01:11.040  INFO 24264 --- [    Test worker] com.zaxxer.hikari.HikariDataSource       : HikariPool-1 - Starting...
2022-06-29 10:01:11.389  INFO 24264 --- [    Test worker] com.zaxxer.hikari.HikariDataSource       : HikariPool-1 - Start completed.
2022-06-29 10:01:11.405  INFO 24264 --- [    Test worker] org.hibernate.dialect.Dialect            : HHH000400: Using dialect: org.hibernate.dialect.MySQL8Dialect
2022-06-29 10:01:12.165 DEBUG 24264 --- [    Test worker] org.hibernate.SQL                        : 
    
    alter table kingdom 
       drop 
       foreign key FKamafacqsrycbhgwn8a7cut4cl
Hibernate: 
    
    alter table kingdom 
       drop 
       foreign key FKamafacqsrycbhgwn8a7cut4cl
2022-06-29 10:01:12.185 DEBUG 24264 --- [    Test worker] org.hibernate.SQL                        : 
    
    alter table kingdom 
       drop 
       foreign key FKfoshqi8amod3usdrssvl0pqdd
Hibernate: 
    
    alter table kingdom 
       drop 
       foreign key FKfoshqi8amod3usdrssvl0pqdd
2022-06-29 10:01:12.198 DEBUG 24264 --- [    Test worker] org.hibernate.SQL                        : 
    
    alter table location 
       drop 
       foreign key FKihvvwuhcte0kx4ymeuqg22xim
Hibernate: 
    
    alter table location 
       drop 
       foreign key FKihvvwuhcte0kx4ymeuqg22xim
2022-06-29 10:01:12.207 DEBUG 24264 --- [    Test worker] org.hibernate.SQL                        : 
    
    alter table player 
       drop 
       foreign key FKg6vdaxdfn3joogjkxsy37pay
Hibernate: 
    
    alter table player 
       drop 
       foreign key FKg6vdaxdfn3joogjkxsy37pay
2022-06-29 10:01:12.215 DEBUG 24264 --- [    Test worker] org.hibernate.SQL                        : 
    
    alter table resources 
       drop 
       foreign key FK27mijulv8nur3ygoc6ah7v6ho
Hibernate: 
    
    alter table resources 
       drop 
       foreign key FK27mijulv8nur3ygoc6ah7v6ho
2022-06-29 10:01:12.225 DEBUG 24264 --- [    Test worker] org.hibernate.SQL                        : 
    
    drop table if exists kingdom
Hibernate: 
    
    drop table if exists kingdom
2022-06-29 10:01:12.236 DEBUG 24264 --- [    Test worker] org.hibernate.SQL                        : 
    
    drop table if exists location
Hibernate: 
    
    drop table if exists location
2022-06-29 10:01:12.244 DEBUG 24264 --- [    Test worker] org.hibernate.SQL                        : 
    
    drop table if exists player
Hibernate: 
    
    drop table if exists player
2022-06-29 10:01:12.252 DEBUG 24264 --- [    Test worker] org.hibernate.SQL                        : 
    
    drop table if exists resources
Hibernate: 
    
    drop table if exists resources
2022-06-29 10:01:12.263 DEBUG 24264 --- [    Test worker] org.hibernate.SQL                        : 
    
    create table kingdom (
       id bigint not null auto_increment,
        population integer,
        ruler varchar(255),
        location_id bigint,
        player_id bigint,
        primary key (id)
    ) engine=InnoDB
Hibernate: 
    
    create table kingdom (
       id bigint not null auto_increment,
        population integer,
        ruler varchar(255),
        location_id bigint,
        player_id bigint,
        primary key (id)
    ) engine=InnoDB
2022-06-29 10:01:12.276 DEBUG 24264 --- [    Test worker] org.hibernate.SQL                        : 
    
    create table location (
       id bigint not null auto_increment,
        coordinatex integer,
        coordinatey integer,
        kingdom_id bigint,
        primary key (id)
    ) engine=InnoDB
Hibernate: 
    
    create table location (
       id bigint not null auto_increment,
        coordinatex integer,
        coordinatey integer,
        kingdom_id bigint,
        primary key (id)
    ) engine=InnoDB
2022-06-29 10:01:12.289 DEBUG 24264 --- [    Test worker] org.hibernate.SQL                        : 
    
    create table player (
       id bigint not null auto_increment,
        kingdom_name varchar(255),
        password varchar(255),
        username varchar(255),
        kingdom_id bigint,
        primary key (id)
    ) engine=InnoDB
Hibernate: 
    
    create table player (
       id bigint not null auto_increment,
        kingdom_name varchar(255),
        password varchar(255),
        username varchar(255),
        kingdom_id bigint,
        primary key (id)
    ) engine=InnoDB
2022-06-29 10:01:12.302 DEBUG 24264 --- [    Test worker] org.hibernate.SQL                        : 
    
    create table resources (
       id bigint not null auto_increment,
        amount integer,
        generation integer,
        type varchar(255),
        updated_at bigint,
        kingdom bigint,
        primary key (id)
    ) engine=InnoDB
Hibernate: 
    
    create table resources (
       id bigint not null auto_increment,
        amount integer,
        generation integer,
        type varchar(255),
        updated_at bigint,
        kingdom bigint,
        primary key (id)
    ) engine=InnoDB
2022-06-29 10:01:12.315 DEBUG 24264 --- [    Test worker] org.hibernate.SQL                        : 
    
    alter table kingdom 
       add constraint FKamafacqsrycbhgwn8a7cut4cl 
       foreign key (location_id) 
       references location (id)
Hibernate: 
    
    alter table kingdom 
       add constraint FKamafacqsrycbhgwn8a7cut4cl 
       foreign key (location_id) 
       references location (id)
2022-06-29 10:01:12.347 DEBUG 24264 --- [    Test worker] org.hibernate.SQL                        : 
    
    alter table kingdom 
       add constraint FKfoshqi8amod3usdrssvl0pqdd 
       foreign key (player_id) 
       references player (id)
Hibernate: 
    
    alter table kingdom 
       add constraint FKfoshqi8amod3usdrssvl0pqdd 
       foreign key (player_id) 
       references player (id)
2022-06-29 10:01:12.385 DEBUG 24264 --- [    Test worker] org.hibernate.SQL                        : 
    
    alter table location 
       add constraint FKihvvwuhcte0kx4ymeuqg22xim 
       foreign key (kingdom_id) 
       references kingdom (id)
Hibernate: 
    
    alter table location 
       add constraint FKihvvwuhcte0kx4ymeuqg22xim 
       foreign key (kingdom_id) 
       references kingdom (id)
2022-06-29 10:01:12.424 DEBUG 24264 --- [    Test worker] org.hibernate.SQL                        : 
    
    alter table player 
       add constraint FKg6vdaxdfn3joogjkxsy37pay 
       foreign key (kingdom_id) 
       references kingdom (id)
Hibernate: 
    
    alter table player 
       add constraint FKg6vdaxdfn3joogjkxsy37pay 
       foreign key (kingdom_id) 
       references kingdom (id)
2022-06-29 10:01:12.467 DEBUG 24264 --- [    Test worker] org.hibernate.SQL                        : 
    
    alter table resources 
       add constraint FK27mijulv8nur3ygoc6ah7v6ho 
       foreign key (kingdom) 
       references kingdom (id)
Hibernate: 
    
    alter table resources 
       add constraint FK27mijulv8nur3ygoc6ah7v6ho 
       foreign key (kingdom) 
       references kingdom (id)
2022-06-29 10:01:12.505  INFO 24264 --- [    Test worker] o.h.e.t.j.p.i.JtaPlatformInitiator       : HHH000490: Using JtaPlatform implementation: [org.hibernate.engine.transaction.jta.platform.internal.NoJtaPlatform]
2022-06-29 10:01:12.513  INFO 24264 --- [    Test worker] j.LocalContainerEntityManagerFactoryBean : Initialized JPA EntityManagerFactory for persistence unit 'default'
2022-06-29 10:01:13.267  WARN 24264 --- [    Test worker] JpaBaseConfiguration$JpaWebConfiguration : spring.jpa.open-in-view is enabled by default. Therefore, database queries may be performed during view rendering. Explicitly configure spring.jpa.open-in-view to disable this warning
2022-06-29 10:01:13.650  INFO 24264 --- [    Test worker] o.s.s.web.DefaultSecurityFilterChain     : Will secure any request with [org.springframework.security.web.session.DisableEncodeUrlFilter@61d527ac, org.springframework.security.web.context.request.async.WebAsyncManagerIntegrationFilter@498503cb, org.springframework.security.web.context.SecurityContextPersistenceFilter@50dd1e3a, org.springframework.security.web.header.HeaderWriterFilter@591febcb, org.springframework.security.web.authentication.logout.LogoutFilter@61c3d7ac, com.example.projecteucyonjavatribesb.filter.CustomAuthenticationFilter@380e3122, org.springframework.security.web.savedrequest.RequestCacheAwareFilter@5b72b13a, org.springframework.security.web.servletapi.SecurityContextHolderAwareRequestFilter@578c99ac, org.springframework.security.web.authentication.AnonymousAuthenticationFilter@576323ff, org.springframework.security.web.session.SessionManagementFilter@797ee1a9, org.springframework.security.web.access.ExceptionTranslationFilter@6b529d42, org.springframework.security.web.access.intercept.FilterSecurityInterceptor@35b79b1f]
2022-06-29 10:01:15.146  INFO 24264 --- [    Test worker] o.s.b.t.m.w.SpringBootMockServletContext : Initializing Spring TestDispatcherServlet ''
2022-06-29 10:01:15.146  INFO 24264 --- [    Test worker] o.s.t.web.servlet.TestDispatcherServlet  : Initializing Servlet ''
2022-06-29 10:01:15.148  INFO 24264 --- [    Test worker] o.s.t.web.servlet.TestDispatcherServlet  : Completed initialization in 2 ms
2022-06-29 10:01:15.175  INFO 24264 --- [    Test worker] c.e.p.LoginIntegrationTests              : Started LoginIntegrationTests in 6.244 seconds (JVM running for 7.394)
2022-06-29 10:01:15.306 DEBUG 24264 --- [    Test worker] org.hibernate.SQL                        : 
    insert 
    into
        player
        (kingdom_id, kingdom_name, password, username) 
    values
        (?, ?, ?, ?)
Hibernate: 
    insert 
    into
        player
        (kingdom_id, kingdom_name, password, username) 
    values
        (?, ?, ?, ?)
2022-06-29 10:01:15.534  INFO 24264 --- [    Test worker] c.e.p.filter.CustomAuthenticationFilter  : Username is: MisoDaBadass
2022-06-29 10:01:15.534  INFO 24264 --- [    Test worker] c.e.p.filter.CustomAuthenticationFilter  : Password is: incorrest_password
2022-06-29 10:01:15.696 DEBUG 24264 --- [    Test worker] org.hibernate.SQL                        : 
    select
        player0_.id as id1_2_,
        player0_.kingdom_id as kingdom_5_2_,
        player0_.kingdom_name as kingdom_2_2_,
        player0_.password as password3_2_,
        player0_.username as username4_2_ 
    from
        player player0_ 
    where
        player0_.username=?
Hibernate: 
    select
        player0_.id as id1_2_,
        player0_.kingdom_id as kingdom_5_2_,
        player0_.kingdom_name as kingdom_2_2_,
        player0_.password as password3_2_,
        player0_.username as username4_2_ 
    from
        player player0_ 
    where
        player0_.username=?
2022-06-29 10:01:15.705  INFO 24264 --- [    Test worker] c.e.p.service.PlayerServiceImpl          : Player found in the database: MisoDaBadass
2022-06-29 10:01:15.763  INFO 24264 --- [    Test worker] c.e.p.filter.CustomAuthenticationFilter  : Bad credentials
2022-06-29 10:01:15.794  INFO 24264 --- [    Test worker] c.e.p.filter.CustomAuthenticationFilter  : Username is: MisoDaBadass
2022-06-29 10:01:15.794  INFO 24264 --- [    Test worker] c.e.p.filter.CustomAuthenticationFilter  : Password is: password
2022-06-29 10:01:15.795 DEBUG 24264 --- [    Test worker] org.hibernate.SQL                        : 
    select
        player0_.id as id1_2_,
        player0_.kingdom_id as kingdom_5_2_,
        player0_.kingdom_name as kingdom_2_2_,
        player0_.password as password3_2_,
        player0_.username as username4_2_ 
    from
        player player0_ 
    where
        player0_.username=?
Hibernate: 
    select
        player0_.id as id1_2_,
        player0_.kingdom_id as kingdom_5_2_,
        player0_.kingdom_name as kingdom_2_2_,
        player0_.password as password3_2_,
        player0_.username as username4_2_ 
    from
        player player0_ 
    where
        player0_.username=?
2022-06-29 10:01:15.797  INFO 24264 --- [    Test worker] c.e.p.service.PlayerServiceImpl          : Player found in the database: MisoDaBadass
2022-06-29 10:01:15.858  INFO 24264 --- [    Test worker] c.e.p.filter.CustomAuthenticationFilter  : Successful login, username: MisoDaBadass, password: null
]]></system-out>
  <system-err><![CDATA[]]></system-err>
</testsuite>
